{"C:\\w_bimp\\react-ghost\\src\\index.ts": {"path":"C:\\w_bimp\\react-ghost\\src\\index.ts","statementMap":{"0":{"start":{"line":19,"column":34},"end":{"line":19,"column":47}},"1":{"start":{"line":21,"column":36},"end":{"line":21,"column":95}},"2":{"start":{"line":21,"column":53},"end":{"line":21,"column":95}}},"fnMap":{"0":{"name":"(anonymous_0)","decl":{"start":{"line":21,"column":36},"end":{"line":21,"column":37}},"loc":{"start":{"line":21,"column":53},"end":{"line":21,"column":95}},"line":21}},"branchMap":{},"s":{"0":1,"1":1,"2":1},"f":{"0":1},"b":{},"_coverageSchema":"1a1c01bbd47fc00a2c39e90264f33305004495a9","hash":"7a796f1c9d09569e7a2deb3baece22588106025e"}
}
